mode: set
/Users/mlabouardy/github/manning/chapter7/microservices/movies-parser/main.go:47.50,51.16 3 1
/Users/mlabouardy/github/manning/chapter7/microservices/movies-parser/main.go:55.2,65.86 8 1
/Users/mlabouardy/github/manning/chapter7/microservices/movies-parser/main.go:69.2,72.73 3 1
/Users/mlabouardy/github/manning/chapter7/microservices/movies-parser/main.go:81.2,84.82 3 1
/Users/mlabouardy/github/manning/chapter7/microservices/movies-parser/main.go:93.2,95.19 2 1
/Users/mlabouardy/github/manning/chapter7/microservices/movies-parser/main.go:51.16,53.3 1 0
/Users/mlabouardy/github/manning/chapter7/microservices/movies-parser/main.go:65.86,68.3 2 0
/Users/mlabouardy/github/manning/chapter7/microservices/movies-parser/main.go:72.73,80.3 2 0
/Users/mlabouardy/github/manning/chapter7/microservices/movies-parser/main.go:84.82,92.3 3 0
/Users/mlabouardy/github/manning/chapter7/microservices/movies-parser/main.go:98.13,100.16 2 0
/Users/mlabouardy/github/manning/chapter7/microservices/movies-parser/main.go:103.2,112.6 6 0
/Users/mlabouardy/github/manning/chapter7/microservices/movies-parser/main.go:100.16,102.3 1 0
/Users/mlabouardy/github/manning/chapter7/microservices/movies-parser/main.go:112.6,117.17 3 0
/Users/mlabouardy/github/manning/chapter7/microservices/movies-parser/main.go:121.3,126.17 5 0
/Users/mlabouardy/github/manning/chapter7/microservices/movies-parser/main.go:129.3,133.33 4 0
/Users/mlabouardy/github/manning/chapter7/microservices/movies-parser/main.go:137.3,140.17 3 0
/Users/mlabouardy/github/manning/chapter7/microservices/movies-parser/main.go:143.3,149.17 5 0
/Users/mlabouardy/github/manning/chapter7/microservices/movies-parser/main.go:153.3,158.17 3 0
/Users/mlabouardy/github/manning/chapter7/microservices/movies-parser/main.go:161.3,161.30 1 0
/Users/mlabouardy/github/manning/chapter7/microservices/movies-parser/main.go:117.17,119.4 1 0
/Users/mlabouardy/github/manning/chapter7/microservices/movies-parser/main.go:126.17,128.4 1 0
/Users/mlabouardy/github/manning/chapter7/microservices/movies-parser/main.go:133.33,135.4 1 0
/Users/mlabouardy/github/manning/chapter7/microservices/movies-parser/main.go:140.17,142.4 1 0
/Users/mlabouardy/github/manning/chapter7/microservices/movies-parser/main.go:149.17,151.4 1 0
/Users/mlabouardy/github/manning/chapter7/microservices/movies-parser/main.go:158.17,160.4 1 0
